2026-03-31T18:35:03.483-03:00  INFO 11560 --- [main] br.edu.utfpr.td.tsi.Main                 : Starting Main using Java 21.0.10 with PID 11560 (C:\Users\diana\OneDrive\Documents\GitHub\atividade2\target\classes started by diana in C:\Users\diana\OneDrive\Documents\GitHub\atividade2)
2026-03-31T18:35:03.485-03:00  INFO 11560 --- [main] br.edu.utfpr.td.tsi.Main                 : No active profile set, falling back to 1 default profile: "default"
2026-03-31T18:35:05.685-03:00  WARN 11560 --- [main] o.o.selenium.devtools.CdpVersionFinder   : Unable to find CDP implementation matching 146
2026-03-31T18:35:05.685-03:00  WARN 11560 --- [main] o.o.selenium.chromium.ChromiumDriver     : Unable to find version of CDP to use for 146.0.7680.167. You may need to include a dependency on a specific version of the CDP using something similar to `org.seleniumhq.selenium:selenium-devtools-v86:4.14.1` where the version ("v86") matches the version of the chromium-based browser you're using and the version number of the artifact is the same as Selenium's.
2026-03-31T18:35:07.658-03:00  INFO 11560 --- [main] br.edu.utfpr.td.tsi.Scraper              : Scraping completed, starting data processing...
2026-03-31T18:35:07.662-03:00  WARN 11560 --- [main] s.c.a.AnnotationConfigApplicationContext : Exception encountered during context initialization - cancelling refresh attempt: org.springframework.beans.factory.BeanCreationException: Error creating bean with name 'scraper': Invocation of init method failed
2026-03-31T18:35:07.673-03:00  INFO 11560 --- [main] .s.b.a.l.ConditionEvaluationReportLogger : 

Error starting ApplicationContext. To display the condition evaluation report re-run your application with 'debug' enabled.
2026-03-31T18:35:07.690-03:00 ERROR 11560 --- [main] o.s.boot.SpringApplication               : Application run failed

org.springframework.beans.factory.BeanCreationException: Error creating bean with name 'scraper': Invocation of init method failed
	at org.springframework.beans.factory.annotation.InitDestroyAnnotationBeanPostProcessor.postProcessBeforeInitialization(InitDestroyAnnotationBeanPostProcessor.java:222) ~[spring-beans-6.1.4.jar:6.1.4]
	at org.springframework.beans.factory.support.AbstractAutowireCapableBeanFactory.applyBeanPostProcessorsBeforeInitialization(AbstractAutowireCapableBeanFactory.java:422) ~[spring-beans-6.1.4.jar:6.1.4]
	at org.springframework.beans.factory.support.AbstractAutowireCapableBeanFactory.initializeBean(AbstractAutowireCapableBeanFactory.java:1778) ~[spring-beans-6.1.4.jar:6.1.4]
	at org.springframework.beans.factory.support.AbstractAutowireCapableBeanFactory.doCreateBean(AbstractAutowireCapableBeanFactory.java:600) ~[spring-beans-6.1.4.jar:6.1.4]
	at org.springframework.beans.factory.support.AbstractAutowireCapableBeanFactory.createBean(AbstractAutowireCapableBeanFactory.java:522) ~[spring-beans-6.1.4.jar:6.1.4]
	at org.springframework.beans.factory.support.AbstractBeanFactory.lambda$doGetBean$0(AbstractBeanFactory.java:325) ~[spring-beans-6.1.4.jar:6.1.4]
	at org.springframework.beans.factory.support.DefaultSingletonBeanRegistry.getSingleton(DefaultSingletonBeanRegistry.java:234) ~[spring-beans-6.1.4.jar:6.1.4]
	at org.springframework.beans.factory.support.AbstractBeanFactory.doGetBean(AbstractBeanFactory.java:323) ~[spring-beans-6.1.4.jar:6.1.4]
	at org.springframework.beans.factory.support.AbstractBeanFactory.getBean(AbstractBeanFactory.java:199) ~[spring-beans-6.1.4.jar:6.1.4]
	at org.springframework.beans.factory.support.DefaultListableBeanFactory.preInstantiateSingletons(DefaultListableBeanFactory.java:975) ~[spring-beans-6.1.4.jar:6.1.4]
	at org.springframework.context.support.AbstractApplicationContext.finishBeanFactoryInitialization(AbstractApplicationContext.java:959) ~[spring-context-6.1.4.jar:6.1.4]
	at org.springframework.context.support.AbstractApplicationContext.refresh(AbstractApplicationContext.java:624) ~[spring-context-6.1.4.jar:6.1.4]
	at org.springframework.boot.SpringApplication.refresh(SpringApplication.java:754) ~[spring-boot-3.2.3.jar:3.2.3]
	at org.springframework.boot.SpringApplication.refreshContext(SpringApplication.java:456) ~[spring-boot-3.2.3.jar:3.2.3]
	at org.springframework.boot.SpringApplication.run(SpringApplication.java:334) ~[spring-boot-3.2.3.jar:3.2.3]
	at org.springframework.boot.SpringApplication.run(SpringApplication.java:1354) ~[spring-boot-3.2.3.jar:3.2.3]
	at org.springframework.boot.SpringApplication.run(SpringApplication.java:1343) ~[spring-boot-3.2.3.jar:3.2.3]
	at br.edu.utfpr.td.tsi.Main.main(Main.java:9) ~[classes/:na]
Caused by: java.lang.ArrayIndexOutOfBoundsException: Index 5 out of bounds for length 5
	at br.edu.utfpr.td.tsi.Scraper.scrapPublications(Scraper.java:48) ~[classes/:na]
	at java.base/jdk.internal.reflect.DirectMethodHandleAccessor.invoke(Unknown Source) ~[na:na]
	at java.base/java.lang.reflect.Method.invoke(Unknown Source) ~[na:na]
	at org.springframework.beans.factory.annotation.InitDestroyAnnotationBeanPostProcessor$LifecycleMethod.invoke(InitDestroyAnnotationBeanPostProcessor.java:457) ~[spring-beans-6.1.4.jar:6.1.4]
	at org.springframework.beans.factory.annotation.InitDestroyAnnotationBeanPostProcessor$LifecycleMetadata.invokeInitMethods(InitDestroyAnnotationBeanPostProcessor.java:401) ~[spring-beans-6.1.4.jar:6.1.4]
	at org.springframework.beans.factory.annotation.InitDestroyAnnotationBeanPostProcessor.postProcessBeforeInitialization(InitDestroyAnnotationBeanPostProcessor.java:219) ~[spring-beans-6.1.4.jar:6.1.4]
	... 17 common frames omitted

2026-03-31T18:37:42.972-03:00  INFO 24180 --- [main] br.edu.utfpr.td.tsi.Main                 : Starting Main using Java 21.0.10 with PID 24180 (C:\Users\diana\OneDrive\Documents\GitHub\atividade2\target\classes started by diana in C:\Users\diana\OneDrive\Documents\GitHub\atividade2)
2026-03-31T18:37:42.975-03:00  INFO 24180 --- [main] br.edu.utfpr.td.tsi.Main                 : No active profile set, falling back to 1 default profile: "default"
2026-03-31T18:37:45.138-03:00  WARN 24180 --- [main] o.o.selenium.devtools.CdpVersionFinder   : Unable to find CDP implementation matching 146
2026-03-31T18:37:45.138-03:00  WARN 24180 --- [main] o.o.selenium.chromium.ChromiumDriver     : Unable to find version of CDP to use for 146.0.7680.167. You may need to include a dependency on a specific version of the CDP using something similar to `org.seleniumhq.selenium:selenium-devtools-v86:4.14.1` where the version ("v86") matches the version of the chromium-based browser you're using and the version number of the artifact is the same as Selenium's.
2026-03-31T18:37:47.163-03:00  INFO 24180 --- [main] br.edu.utfpr.td.tsi.Scraper              : Scraping completed, starting data processing...
2026-03-31T18:37:47.166-03:00  INFO 24180 --- [main] br.edu.utfpr.td.tsi.Scraper              : Escrita do arquivo JSON concluída.
2026-03-31T18:37:47.296-03:00  INFO 24180 --- [main] br.edu.utfpr.td.tsi.Main                 : Started Main in 4.664 seconds (process running for 4.918)
2026-03-31T18:39:17.961-03:00  INFO 10556 --- [main] br.edu.utfpr.td.tsi.Main                 : Starting Main using Java 21.0.10 with PID 10556 (C:\Users\diana\OneDrive\Documents\GitHub\atividade2\target\classes started by diana in C:\Users\diana\OneDrive\Documents\GitHub\atividade2)
2026-03-31T18:39:17.963-03:00  INFO 10556 --- [main] br.edu.utfpr.td.tsi.Main                 : No active profile set, falling back to 1 default profile: "default"
2026-03-31T18:39:20.067-03:00  WARN 10556 --- [main] o.o.selenium.devtools.CdpVersionFinder   : Unable to find CDP implementation matching 146
2026-03-31T18:39:20.068-03:00  WARN 10556 --- [main] o.o.selenium.chromium.ChromiumDriver     : Unable to find version of CDP to use for 146.0.7680.167. You may need to include a dependency on a specific version of the CDP using something similar to `org.seleniumhq.selenium:selenium-devtools-v86:4.14.1` where the version ("v86") matches the version of the chromium-based browser you're using and the version number of the artifact is the same as Selenium's.
2026-03-31T18:39:20.598-03:00  INFO 10556 --- [main] br.edu.utfpr.td.tsi.Scraper              : Scraping completed, starting data processing...
2026-03-31T18:39:20.602-03:00  INFO 10556 --- [main] br.edu.utfpr.td.tsi.Scraper              : Escrita do arquivo JSON concluída.
2026-03-31T18:39:20.745-03:00  INFO 10556 --- [main] br.edu.utfpr.td.tsi.Main                 : Started Main in 3.115 seconds (process running for 3.433)
2026-03-31T18:40:09.140-03:00  INFO 32456 --- [main] br.edu.utfpr.td.tsi.Main                 : Starting Main using Java 21.0.10 with PID 32456 (C:\Users\diana\OneDrive\Documents\GitHub\atividade2\target\classes started by diana in C:\Users\diana\OneDrive\Documents\GitHub\atividade2)
2026-03-31T18:40:09.142-03:00  INFO 32456 --- [main] br.edu.utfpr.td.tsi.Main                 : No active profile set, falling back to 1 default profile: "default"
2026-03-31T18:40:11.275-03:00  WARN 32456 --- [main] o.o.selenium.devtools.CdpVersionFinder   : Unable to find CDP implementation matching 146
2026-03-31T18:40:11.276-03:00  WARN 32456 --- [main] o.o.selenium.chromium.ChromiumDriver     : Unable to find version of CDP to use for 146.0.7680.167. You may need to include a dependency on a specific version of the CDP using something similar to `org.seleniumhq.selenium:selenium-devtools-v86:4.14.1` where the version ("v86") matches the version of the chromium-based browser you're using and the version number of the artifact is the same as Selenium's.
2026-03-31T18:40:11.749-03:00  INFO 32456 --- [main] br.edu.utfpr.td.tsi.Scraper              : Scraping completed, starting data processing...
2026-03-31T18:40:11.752-03:00  INFO 32456 --- [main] br.edu.utfpr.td.tsi.Scraper              : Escrita do arquivo JSON concluída.
2026-03-31T18:40:11.862-03:00  INFO 32456 --- [main] br.edu.utfpr.td.tsi.Main                 : Started Main in 3.094 seconds (process running for 3.369)
